c:\users\jub061\desktop\utscope358win7\pciutscope\release\vc141.pdb
c:\users\jub061\desktop\utscope358win7\pciutscope\release\vc141.idb
c:\users\jub061\desktop\utscope358win7\pciutscope\release\stdscope.obj
c:\users\jub061\desktop\utscope358win7\pciutscope\release\stdafx.obj
c:\users\jub061\desktop\utscope358win7\pciutscope\release\peakagri.obj
c:\users\jub061\desktop\utscope358win7\pciutscope\release\pciutparam.obj
c:\users\jub061\desktop\utscope358win7\pciutscope\release\oneentry.obj
c:\users\jub061\desktop\utscope358win7\pciutscope\release\clip.obj
c:\users\jub061\desktop\utscope358win7\pciutscope\release\bscan.obj
c:\users\jub061\desktop\utscope358win7\pciutscope\release\dspscope.exe
c:\users\jub061\desktop\utscope358win7\pciutscope\release\dspscope.pdb
c:\users\jub061\desktop\utscope358win7\pciutscope\release\stdscope.res
c:\users\jub061\desktop\utscope358win7\pciutscope\.\release\dspscope.exe
c:\users\jub061\desktop\utscope358win7\pciutscope\release\dspscope.tlog\cl.command.1.tlog
c:\users\jub061\desktop\utscope358win7\pciutscope\release\dspscope.tlog\cl.read.1.tlog
c:\users\jub061\desktop\utscope358win7\pciutscope\release\dspscope.tlog\cl.write.1.tlog
c:\users\jub061\desktop\utscope358win7\pciutscope\release\dspscope.tlog\link.command.1.tlog
c:\users\jub061\desktop\utscope358win7\pciutscope\release\dspscope.tlog\link.read.1.tlog
c:\users\jub061\desktop\utscope358win7\pciutscope\release\dspscope.tlog\link.write.1.tlog
c:\users\jub061\desktop\utscope358win7\pciutscope\release\dspscope.tlog\rc.command.1.tlog
c:\users\jub061\desktop\utscope358win7\pciutscope\release\dspscope.tlog\rc.read.1.tlog
c:\users\jub061\desktop\utscope358win7\pciutscope\release\dspscope.tlog\rc.write.1.tlog
